INFO:root:Epoch: 0 mpije: 109.96684499986335
INFO:root:Epoch: 1 mpije: 111.4127512214648
INFO:root:Epoch: 2 mpije: 92.5551376114144
INFO:root:Epoch: 3 mpije: 91.87409068359153
INFO:root:Epoch: 4 mpije: 96.67324681553967
INFO:root:Epoch: 0 mpije: 70.55002853286533
INFO:root:Epoch: 1 mpije: 54.52834056265181
INFO:root:Epoch: 2 mpije: 54.4284544208245
INFO:root:Epoch: 3 mpije: 50.56366847842262
INFO:root:Epoch: 4 mpije: 49.948085295498366
INFO:root:Epoch: 5 mpije: 48.36415007783633
INFO:root:Epoch: 6 mpije: 47.768117010109606
INFO:root:Epoch: 7 mpije: 47.93502328018253
INFO:root:Epoch: 8 mpije: 48.23927794310952
INFO:root:Epoch: 9 mpije: 48.140569807693765
INFO:root:Epoch: 10 mpije: 48.49600920918439
INFO:root:Epoch: 11 mpije: 48.556062320388584
INFO:root:Epoch: 12 mpije: 46.632095248908364
INFO:root:Epoch: 13 mpije: 46.38694480081619
INFO:root:Epoch: 14 mpije: 47.57922381617077
INFO:root:Epoch: 15 mpije: 47.53940092964092
INFO:root:Epoch: 16 mpije: 46.56346993897967
INFO:root:Epoch: 17 mpije: 46.68863505786251
INFO:root:Epoch: 18 mpije: 46.61440266057694
INFO:root:Epoch: 19 mpije: 47.48084343595592
INFO:root:Epoch: 20 mpije: 47.13844618414088
INFO:root:Epoch: 21 mpije: 46.82739770695186
INFO:root:Epoch: 22 mpije: 47.239409900895716
INFO:root:Epoch: 23 mpije: 46.71255423717863
INFO:root:Epoch: 24 mpije: 47.70962054453195
INFO:root:Epoch: 25 mpije: 48.149952629366425
INFO:root:Epoch: 26 mpije: 47.80212522316173
INFO:root:Epoch: 27 mpije: 47.01641973673245
INFO:root:Epoch: 28 mpije: 46.458189124491426
INFO:root:Epoch: 29 mpije: 47.95219066861817
INFO:root:Epoch: 30 mpije: 47.163424003997044
INFO:root:Epoch: 31 mpije: 47.65166683696308
INFO:root:Epoch: 32 mpije: 46.55529212309728
INFO:root:Epoch: 33 mpije: 46.76851581060404
INFO:root:Epoch: 34 mpije: 46.486640817828295
INFO:root:Epoch: 35 mpije: 48.104512977288735
INFO:root:Epoch: 36 mpije: 46.56295196146768
INFO:root:Epoch: 37 mpije: 45.75791505413005
INFO:root:Epoch: 38 mpije: 47.722572107732084
INFO:root:Epoch: 39 mpije: 46.94191701837353
INFO:root:Epoch: 40 mpije: 46.41310134768362
INFO:root:Epoch: 41 mpije: 47.47821468536042
INFO:root:Epoch: 42 mpije: 46.63058184200919
INFO:root:Epoch: 43 mpije: 46.87970512062336
INFO:root:Epoch: 44 mpije: 47.06663689221519
INFO:root:Epoch: 45 mpije: 46.81080304727722
INFO:root:Epoch: 46 mpije: 45.7488553435466
INFO:root:Epoch: 47 mpije: 46.31367561300951
INFO:root:Epoch: 48 mpije: 46.91878571306608
INFO:root:Epoch: 49 mpije: 47.070065992207
INFO:root:Epoch: 50 mpije: 48.246513231610926
INFO:root:Epoch: 51 mpije: 46.61050019107994
INFO:root:Epoch: 52 mpije: 47.19555944699811
INFO:root:Epoch: 53 mpije: 48.0512200809673
INFO:root:Epoch: 54 mpije: 47.432378760776785
INFO:root:Epoch: 55 mpije: 47.300690124403374
INFO:root:Epoch: 56 mpije: 46.55615880352901
INFO:root:Epoch: 57 mpije: 47.33887387935233
INFO:root:Epoch: 58 mpije: 47.31946338361219
INFO:root:Epoch: 59 mpije: 47.19675864617389
